<?xml version="1.0" encoding="UTF-8"?>
<!-- Generated by org.testng.reporters.JUnitXMLReporter -->
<testsuite ignored="0" hostname="PJ" failures="0" tests="9" name="Default test" time="22.176" errors="0" timestamp="2026-05-21T14:11:48 IST">
  <testcase classname="com.qa.opencart.tests.ProductInfoPageTest" name="productHeaderTest" time="3.032"/>
  <testcase classname="com.qa.opencart.tests.ProductInfoPageTest" name="productImagecountTest" time="1.528"/>
  <testcase classname="com.qa.opencart.tests.ProductInfoPageTest" name="productImagecountTest" time="1.549"/>
  <testcase classname="com.qa.opencart.tests.ProductInfoPageTest" name="productImagecountTest" time="1.896"/>
  <testcase classname="com.qa.opencart.tests.ProductInfoPageTest" name="productImagecountTest" time="1.964"/>
  <testcase classname="com.qa.opencart.tests.ProductInfoPageTest" name="productInfoTest" time="1.516"/>
  <testcase classname="com.qa.opencart.tests.ProductInfoPageTest" name="producteExcelImagecountTest" time="1.187"/>
  <testcase classname="com.qa.opencart.tests.ProductInfoPageTest" name="producteExcelImagecountTest" time="1.232"/>
  <testcase classname="com.qa.opencart.tests.ProductInfoPageTest" name="producteExcelImagecountTest" time="1.477"/>
</testsuite> <!-- Default test -->
