<?xml version="1.0" encoding="UTF-8"?>
<!-- Generated by org.testng.reporters.JUnitXMLReporter -->
<testsuite ignored="0" hostname="PJ" failures="0" tests="4" name="Default test" time="0.309" errors="0" timestamp="2026-07-13T11:06:24 IST">
  <testcase classname="com.qa.opencart.base.BaseTest" name="@BeforeTest setUp" time="-1.783920983889E9">
    <failure type="org.testng.TestNGException" message="
Parameter &amp;apos;browser&amp;apos; is required by BeforeTest on method setUp but has not been marked @Optional or defined
in C:\Users\Admin\AppData\Local\Temp\testng-eclipse--152023883\testng-customsuite.xml">
      <![CDATA[org.testng.TestNGException: 
Parameter 'browser' is required by BeforeTest on method setUp but has not been marked @Optional or defined
in C:\Users\Admin\AppData\Local\Temp\testng-eclipse--152023883\testng-customsuite.xml
at org.testng.internal.Parameters.createParams(Parameters.java:264)
at org.testng.internal.Parameters.createParametersForMethod(Parameters.java:352)
at org.testng.internal.Parameters.createParameters(Parameters.java:690)
at org.testng.internal.Parameters.createConfigurationParameters(Parameters.java:163)
at org.testng.internal.invokers.ConfigInvoker.invokeConfigurations(ConfigInvoker.java:313)
at org.testng.TestRunner.invokeTestConfigurations(TestRunner.java:655)
at org.testng.TestRunner.beforeRun(TestRunner.java:644)
at org.testng.TestRunner.run(TestRunner.java:610)
at org.testng.SuiteRunner.runTest(SuiteRunner.java:421)
at org.testng.SuiteRunner.runSequentially(SuiteRunner.java:413)
at org.testng.SuiteRunner.privateRun(SuiteRunner.java:373)
at org.testng.SuiteRunner.run(SuiteRunner.java:312)
at org.testng.SuiteRunnerWorker.runSuite(SuiteRunnerWorker.java:52)
at org.testng.SuiteRunnerWorker.run(SuiteRunnerWorker.java:95)
at org.testng.TestNG.runSuitesSequentially(TestNG.java:1274)
at org.testng.TestNG.runSuitesLocally(TestNG.java:1208)
at org.testng.TestNG.runSuites(TestNG.java:1112)
at org.testng.TestNG.run(TestNG.java:1079)
at org.testng.remote.AbstractRemoteTestNG.run(AbstractRemoteTestNG.java:115)
at org.testng.remote.RemoteTestNG.initAndRun(RemoteTestNG.java:293)
at org.testng.remote.RemoteTestNG.main(RemoteTestNG.java:91)
]]>
    </failure>
  </testcase> <!-- @BeforeTest setUp -->
  <testcase classname="com.qa.opencart.base.BaseTest" name="@AfterMethod attachScreenshot" time="0.0">
    <skipped/>
  </testcase> <!-- @AfterMethod attachScreenshot -->
  <testcase classname="com.qa.opencart.base.BaseTest" name="@AfterMethod attachScreenshot" time="0.0">
    <skipped/>
  </testcase> <!-- @AfterMethod attachScreenshot -->
  <testcase classname="com.qa.opencart.base.BaseTest" name="@AfterMethod attachScreenshot" time="0.0">
    <skipped/>
  </testcase> <!-- @AfterMethod attachScreenshot -->
  <testcase classname="com.qa.opencart.base.BaseTest" name="@AfterMethod attachScreenshot" time="0.0">
    <skipped/>
  </testcase> <!-- @AfterMethod attachScreenshot -->
  <testcase classname="com.qa.opencart.base.BaseTest" name="@AfterTest teardown" time="0.0">
    <skipped/>
  </testcase> <!-- @AfterTest teardown -->
  <testcase classname="com.qa.opencart.tests.LoginPageTest" name="loginPageTitleTest" time="0.0">
    <skipped/>
  </testcase> <!-- loginPageTitleTest -->
  <testcase classname="com.qa.opencart.tests.LoginPageTest" name="loginPageUrlTest" time="0.0">
    <skipped/>
  </testcase> <!-- loginPageUrlTest -->
  <testcase classname="com.qa.opencart.tests.LoginPageTest" name="forgotpassLinkExistTest" time="0.0">
    <skipped/>
  </testcase> <!-- forgotpassLinkExistTest -->
  <testcase classname="com.qa.opencart.tests.LoginPageTest" name="loginTest" time="0.0">
    <skipped/>
  </testcase> <!-- loginTest -->
</testsuite> <!-- Default test -->
