<?xml version="1.0" encoding="UTF-8"?>
<testng-results ignored="0" total="6" passed="6" failed="0" skipped="0">
  <reporter-output>
  </reporter-output>
  <suite started-at="2026-06-09T11:06:11 IST" name="Default suite" finished-at="2026-06-09T11:06:26 IST" duration-ms="14654">
    <groups>
    </groups>
    <test started-at="2026-06-09T11:06:11 IST" name="Default test" finished-at="2026-06-09T11:06:26 IST" duration-ms="14654">
      <class name="com.qa.opencart.tests.ProductInfoPageTest">
        <test-method is-config="true" signature="setUp()[pri:0, instance:com.qa.opencart.tests.ProductInfoPageTest@3224a577]" started-at="2026-06-09T11:06:11 IST" name="setUp" finished-at="2026-06-09T11:06:16 IST" duration-ms="5086" status="PASS">
          <reporter-output>
          </reporter-output>
        </test-method> <!-- setUp -->
        <test-method is-config="true" signature="producInfoPageSetup()[pri:0, instance:com.qa.opencart.tests.ProductInfoPageTest@3224a577]" started-at="2026-06-09T11:06:16 IST" name="producInfoPageSetup" finished-at="2026-06-09T11:06:17 IST" duration-ms="569" status="PASS">
          <reporter-output>
          </reporter-output>
        </test-method> <!-- producInfoPageSetup -->
        <test-method signature="productHeaderTest()[pri:0, instance:com.qa.opencart.tests.ProductInfoPageTest@3224a577]" started-at="2026-06-09T11:06:17 IST" name="productHeaderTest" finished-at="2026-06-09T11:06:19 IST" duration-ms="2093" status="PASS">
          <reporter-output>
          </reporter-output>
        </test-method> <!-- productHeaderTest -->
        <test-method signature="productImagecountTest(java.lang.String,java.lang.String,int)[pri:0, instance:com.qa.opencart.tests.ProductInfoPageTest@3224a577]" started-at="2026-06-09T11:06:19 IST" name="productImagecountTest" data-provider="getProductImagesTestData" finished-at="2026-06-09T11:06:20 IST" duration-ms="1117" status="PASS">
          <params>
            <param index="0">
              <value>
                <![CDATA[MacBook]]>
              </value>
            </param>
            <param index="1">
              <value>
                <![CDATA[MacBook Pro]]>
              </value>
            </param>
            <param index="2">
              <value>
                <![CDATA[4]]>
              </value>
            </param>
          </params>
          <reporter-output>
          </reporter-output>
        </test-method> <!-- productImagecountTest -->
        <test-method signature="productImagecountTest(java.lang.String,java.lang.String,int)[pri:0, instance:com.qa.opencart.tests.ProductInfoPageTest@3224a577]" started-at="2026-06-09T11:06:20 IST" name="productImagecountTest" data-provider="getProductImagesTestData" finished-at="2026-06-09T11:06:21 IST" duration-ms="1280" status="PASS">
          <params>
            <param index="0">
              <value>
                <![CDATA[MacBook]]>
              </value>
            </param>
            <param index="1">
              <value>
                <![CDATA[MacBook Air]]>
              </value>
            </param>
            <param index="2">
              <value>
                <![CDATA[4]]>
              </value>
            </param>
          </params>
          <reporter-output>
          </reporter-output>
        </test-method> <!-- productImagecountTest -->
        <test-method signature="productImagecountTest(java.lang.String,java.lang.String,int)[pri:0, instance:com.qa.opencart.tests.ProductInfoPageTest@3224a577]" started-at="2026-06-09T11:06:21 IST" name="productImagecountTest" data-provider="getProductImagesTestData" finished-at="2026-06-09T11:06:22 IST" duration-ms="1229" status="PASS">
          <params>
            <param index="0">
              <value>
                <![CDATA[iMac]]>
              </value>
            </param>
            <param index="1">
              <value>
                <![CDATA[iMac]]>
              </value>
            </param>
            <param index="2">
              <value>
                <![CDATA[3]]>
              </value>
            </param>
          </params>
          <reporter-output>
          </reporter-output>
        </test-method> <!-- productImagecountTest -->
        <test-method signature="productImagecountTest(java.lang.String,java.lang.String,int)[pri:0, instance:com.qa.opencart.tests.ProductInfoPageTest@3224a577]" started-at="2026-06-09T11:06:22 IST" name="productImagecountTest" data-provider="getProductImagesTestData" finished-at="2026-06-09T11:06:24 IST" duration-ms="1724" status="PASS">
          <params>
            <param index="0">
              <value>
                <![CDATA[Apple]]>
              </value>
            </param>
            <param index="1">
              <value>
                <![CDATA[Apple Cinema 30"]]>
              </value>
            </param>
            <param index="2">
              <value>
                <![CDATA[6]]>
              </value>
            </param>
          </params>
          <reporter-output>
          </reporter-output>
        </test-method> <!-- productImagecountTest -->
        <test-method signature="productInfoTest()[pri:0, instance:com.qa.opencart.tests.ProductInfoPageTest@3224a577]" started-at="2026-06-09T11:06:24 IST" name="productInfoTest" finished-at="2026-06-09T11:06:25 IST" duration-ms="1250" status="PASS">
          <reporter-output>
          </reporter-output>
        </test-method> <!-- productInfoTest -->
        <test-method is-config="true" signature="teardown()[pri:0, instance:com.qa.opencart.tests.ProductInfoPageTest@3224a577]" started-at="2026-06-09T11:06:25 IST" name="teardown" finished-at="2026-06-09T11:06:26 IST" duration-ms="157" status="PASS">
          <reporter-output>
          </reporter-output>
        </test-method> <!-- teardown -->
      </class> <!-- com.qa.opencart.tests.ProductInfoPageTest -->
    </test> <!-- Default test -->
  </suite> <!-- Default suite -->
</testng-results>
