<?xml version="1.0" encoding="UTF-8"?>
<!-- Generated by org.testng.reporters.JUnitReportReporter -->
<testsuite hostname="PJ" failures="0" tests="9" name="com.qa.opencart.tests.ProductInfoPageTest" time="15.381" errors="0" timestamp="2026-05-21T14:11:48 IST" skipped="0">
  <testcase classname="com.qa.opencart.tests.ProductInfoPageTest" name="productImagecountTest" time="1.549"/>
  <testcase classname="com.qa.opencart.tests.ProductInfoPageTest" name="productHeaderTest" time="3.032"/>
  <testcase classname="com.qa.opencart.tests.ProductInfoPageTest" name="producteExcelImagecountTest" time="1.232"/>
  <testcase classname="com.qa.opencart.tests.ProductInfoPageTest" name="productImagecountTest" time="1.528"/>
  <testcase classname="com.qa.opencart.tests.ProductInfoPageTest" name="producteExcelImagecountTest" time="1.477"/>
  <testcase classname="com.qa.opencart.tests.ProductInfoPageTest" name="productImagecountTest" time="1.964"/>
  <testcase classname="com.qa.opencart.tests.ProductInfoPageTest" name="productInfoTest" time="1.516"/>
  <testcase classname="com.qa.opencart.tests.ProductInfoPageTest" name="producteExcelImagecountTest" time="1.187"/>
  <testcase classname="com.qa.opencart.tests.ProductInfoPageTest" name="productImagecountTest" time="1.896"/>
</testsuite> <!-- com.qa.opencart.tests.ProductInfoPageTest -->
