<?xml version="1.0" encoding="UTF-8"?>
<!-- Generated by org.testng.reporters.JUnitReportReporter -->
<testsuite hostname="PJ" failures="0" tests="4" name="com.qa.opencart.tests.LoginPageTest" time="1.152" errors="0" timestamp="2026-05-11T11:11:09 IST" skipped="0">
  <testcase classname="com.qa.opencart.tests.LoginPageTest" name="loginPageTitleTest" time="0.083"/>
  <testcase classname="com.qa.opencart.tests.LoginPageTest" name="loginPageUrlTest" time="0.019"/>
  <testcase classname="com.qa.opencart.tests.LoginPageTest" name="forgotpassLinkExistTest" time="0.045"/>
  <testcase classname="com.qa.opencart.tests.LoginPageTest" name="loginTest" time="1.005"/>
</testsuite> <!-- com.qa.opencart.tests.LoginPageTest -->
