<?xml version="1.0" encoding="UTF-8"?>
<!-- Generated by org.testng.reporters.JUnitReportReporter -->
<testsuite hostname="PJ" failures="0" tests="6" name="com.qa.opencart.tests.ProductInfoPageTest" time="9.650" errors="0" timestamp="2026-05-20T11:29:41 IST" skipped="0">
  <testcase classname="com.qa.opencart.tests.ProductInfoPageTest" name="productInfoTest" time="1.260"/>
  <testcase classname="com.qa.opencart.tests.ProductInfoPageTest" name="productHeaderTest" time="2.982"/>
  <testcase classname="com.qa.opencart.tests.ProductInfoPageTest" name="productImagecountTest" time="1.427"/>
  <testcase classname="com.qa.opencart.tests.ProductInfoPageTest" name="productImagecountTest" time="1.161"/>
  <testcase classname="com.qa.opencart.tests.ProductInfoPageTest" name="productImagecountTest" time="1.510"/>
  <testcase classname="com.qa.opencart.tests.ProductInfoPageTest" name="productImagecountTest" time="1.310"/>
</testsuite> <!-- com.qa.opencart.tests.ProductInfoPageTest -->
